<?xml version="1.0" encoding="UTF-8"?>
<!-- Generated by org.testng.reporters.JUnitReportReporter -->
<testsuite skipped="0" hostname="DESKTOP-NOU9GCV" name="DynamicWebTable.DynamicOddRowSel" tests="1" failures="0" timestamp="09 Mar 2022 04:37:30 GMT" time="14.545" errors="0">
  <testcase name="dynamic" time="14.545" classname="DynamicWebTable.DynamicOddRowSel"/>
</testsuite> <!-- DynamicWebTable.DynamicOddRowSel -->
