<?xml version="1.0" encoding="UTF-8"?>
<!-- Generated by org.testng.reporters.JUnitReportReporter -->
<testsuite skipped="0" hostname="DESKTOP-NOU9GCV" name="CreateLeadTests.CreateNewLeadByGivingInvalidNoOfEmployeeTest" tests="1" failures="0" timestamp="19 Feb 2022 16:26:17 GMT" time="26.514" errors="0">
  <testcase name="createNewLeadByGivingInvalidNoOfEmployeeTest" time="26.514" classname="CreateLeadTests.CreateNewLeadByGivingInvalidNoOfEmployeeTest"/>
</testsuite> <!-- CreateLeadTests.CreateNewLeadByGivingInvalidNoOfEmployeeTest -->
