<?xml version="1.0" encoding="UTF-8"?>
<!-- Generated by org.testng.reporters.JUnitReportReporter -->
<testsuite skipped="0" hostname="DESKTOP-NOU9GCV" name="com.crm.PRACTICE.DataProviderPract" tests="6" failures="0" timestamp="28 Feb 2022 10:31:19 GMT" time="0.172" errors="0">
  <testcase name="sampleDataProvider" time="0.016" classname="com.crm.PRACTICE.DataProviderPract"/>
  <testcase name="sampleDataProvider" time="0.016" classname="com.crm.PRACTICE.DataProviderPract"/>
  <testcase name="sampleDataProvider" time="0.016" classname="com.crm.PRACTICE.DataProviderPract"/>
  <testcase name="sampleDataProvider" time="0.015" classname="com.crm.PRACTICE.DataProviderPract"/>
  <testcase name="sampleDataProvider" time="0.015" classname="com.crm.PRACTICE.DataProviderPract"/>
  <testcase name="sampleDataProvider" time="0.094" classname="com.crm.PRACTICE.DataProviderPract"/>
</testsuite> <!-- com.crm.PRACTICE.DataProviderPract -->
