<?xml version="1.0" encoding="UTF-8"?>
<!-- Generated by org.testng.reporters.JUnitReportReporter -->
<testsuite skipped="0" hostname="DESKTOP-NOU9GCV" name="CreateUpdateGenericTest.CreateNewLeadByInvalidNoOfEmployeeGeneTest" tests="1" failures="0" timestamp="23 Feb 2022 02:41:28 GMT" time="41.173" errors="0">
  <testcase name="createNewLeadByInvalidNoOfEmployeeGeneTest" time="41.173" classname="CreateUpdateGenericTest.CreateNewLeadByInvalidNoOfEmployeeGeneTest"/>
</testsuite> <!-- CreateUpdateGenericTest.CreateNewLeadByInvalidNoOfEmployeeGeneTest -->
