<?xml version="1.0" encoding="UTF-8"?>
<!-- Generated by org.testng.reporters.JUnitReportReporter -->
<testsuite skipped="0" hostname="DESKTOP-NOU9GCV" name="CalenderPopup.SelectDateInCalenderPopup" tests="1" failures="0" timestamp="09 Mar 2022 09:51:35 GMT" time="36.872" errors="0">
  <testcase name="calender" time="36.872" classname="CalenderPopup.SelectDateInCalenderPopup"/>
</testsuite> <!-- CalenderPopup.SelectDateInCalenderPopup -->
