<?xml version="1.0" encoding="UTF-8"?>
<!-- Generated by org.testng.reporters.JUnitReportReporter -->
<testsuite skipped="0" hostname="DESKTOP-NOU9GCV" name="DynamicWebTable.DyfifthCbox" tests="1" failures="0" timestamp="09 Mar 2022 04:50:29 GMT" time="28.523" errors="0">
  <testcase name="dynamic" time="28.523" classname="DynamicWebTable.DyfifthCbox"/>
</testsuite> <!-- DynamicWebTable.DyfifthCbox -->
