<?xml version="1.0" encoding="UTF-8"?>
<!-- Generated by org.testng.reporters.JUnitReportReporter -->
<testsuite skipped="0" hostname="DESKTOP-NOU9GCV" name="CreateOrganizationTests.CreateOrganizatonTest" tests="1" failures="0" timestamp="16 Feb 2022 12:29:18 GMT" time="90.405" errors="0">
  <testcase name="createOrganizationTest" time="90.405" classname="CreateOrganizationTests.CreateOrganizatonTest"/>
</testsuite> <!-- CreateOrganizationTests.CreateOrganizatonTest -->
