<?xml version="1.0" encoding="UTF-8"?>
<!-- Generated by org.testng.reporters.JUnitReportReporter -->
<testsuite skipped="0" hostname="DESKTOP-NOU9GCV" name="CreateUpdateGenericTest.CreateNewLeadByGivingInvalidInputToRevenueGeneTest" tests="1" failures="0" timestamp="23 Feb 2022 02:22:47 GMT" time="72.879" errors="0">
  <testcase name="createNewLeadByGivingInvalidInputToRevenueGeneTest" time="72.879" classname="CreateUpdateGenericTest.CreateNewLeadByGivingInvalidInputToRevenueGeneTest"/>
</testsuite> <!-- CreateUpdateGenericTest.CreateNewLeadByGivingInvalidInputToRevenueGeneTest -->
