<?xml version="1.0" encoding="UTF-8"?>
<!-- Generated by org.testng.reporters.JUnitReportReporter -->
<testsuite skipped="0" hostname="DESKTOP-NOU9GCV" name="DynamicWebTable.DyOrgRev" tests="1" failures="0" timestamp="09 Mar 2022 04:32:51 GMT" time="25.687" errors="0">
  <testcase name="dynamic" time="25.687" classname="DynamicWebTable.DyOrgRev"/>
</testsuite> <!-- DynamicWebTable.DyOrgRev -->
