<?xml version="1.0" encoding="UTF-8"?>
<!-- Generated by org.testng.reporters.JUnitReportReporter -->
<testsuite skipped="0" hostname="DESKTOP-NOU9GCV" name="com.crm.PRACTICE.ReadDataFromExcelSheetTest" tests="1" failures="0" timestamp="17 Feb 2022 10:54:03 GMT" time="2.233" errors="0">
  <testcase name="readDataFromExcelSheetTest" time="2.233" classname="com.crm.PRACTICE.ReadDataFromExcelSheetTest"/>
</testsuite> <!-- com.crm.PRACTICE.ReadDataFromExcelSheetTest -->
