<?xml version="1.0" encoding="UTF-8"?>
<!-- Generated by org.testng.reporters.JUnitReportReporter -->
<testsuite skipped="0" hostname="DESKTOP-NOU9GCV" name="CreateCampaignTest.CreateCampaignTest" tests="1" failures="0" timestamp="19 Feb 2022 07:50:43 GMT" time="73.177" errors="0">
  <testcase name="createCampaignTest" time="73.177" classname="CreateCampaignTest.CreateCampaignTest"/>
</testsuite> <!-- CreateCampaignTest.CreateCampaignTest -->
