<?xml version="1.0" encoding="UTF-8"?>
<!-- Generated by org.testng.reporters.JUnitReportReporter -->
<testsuite skipped="0" hostname="DESKTOP-NOU9GCV" name="CreateUpdateGenericTest.CreateContactGeneTest" tests="1" failures="0" timestamp="22 Feb 2022 11:42:53 GMT" time="63.149" errors="0">
  <testcase name="createConTest" time="63.149" classname="CreateUpdateGenericTest.CreateContactGeneTest"/>
</testsuite> <!-- CreateUpdateGenericTest.CreateContactGeneTest -->
