<?xml version="1.0" encoding="UTF-8"?>
<!-- Generated by org.testng.reporters.JUnitReportReporter -->
<testsuite skipped="0" hostname="DESKTOP-NOU9GCV" name="com.crm.PRACTICE.DataProviderPractice" tests="4" failures="0" timestamp="28 Feb 2022 10:16:32 GMT" time="0.109" errors="0">
  <testcase name="sampleDataProvider" time="0.015" classname="com.crm.PRACTICE.DataProviderPractice"/>
  <testcase name="sampleDataProvider" time="0.031" classname="com.crm.PRACTICE.DataProviderPractice"/>
  <testcase name="sampleDataProvider" time="0.016" classname="com.crm.PRACTICE.DataProviderPractice"/>
  <testcase name="sampleDataProvider" time="0.047" classname="com.crm.PRACTICE.DataProviderPractice"/>
</testsuite> <!-- com.crm.PRACTICE.DataProviderPractice -->
