<?xml version="1.0" encoding="UTF-8"?>
<!-- Generated by org.testng.reporters.JUnitReportReporter -->
<testsuite skipped="0" hostname="DESKTOP-NOU9GCV" name="POMScripts.CreateCampaignTest" tests="1" failures="0" timestamp="01 Mar 2022 16:06:25 GMT" time="79.931" errors="0">
  <testcase name="createConTest" time="79.931" classname="POMScripts.CreateCampaignTest"/>
</testsuite> <!-- POMScripts.CreateCampaignTest -->
