<?xml version="1.0" encoding="UTF-8"?>
<!-- Generated by org.testng.reporters.JUnitReportReporter -->
<testsuite skipped="0" hostname="DESKTOP-NOU9GCV" name="com.crm.testngscripts.CreateContactWithOrgTest" tests="1" failures="0" timestamp="02 Mar 2022 07:31:04 GMT" time="35.922" errors="0">
  <testcase name="createContactWithOrg" time="35.922" classname="com.crm.testngscripts.CreateContactWithOrgTest"/>
</testsuite> <!-- com.crm.testngscripts.CreateContactWithOrgTest -->
