<?xml version="1.0" encoding="UTF-8"?>
<!-- Generated by org.testng.reporters.JUnitReportReporter -->
<testsuite skipped="0" hostname="DESKTOP-NOU9GCV" name="com.crm.testngscripts.CreateOrgWithBaseTest" tests="1" failures="0" timestamp="01 Mar 2022 09:46:39 GMT" time="82.031" errors="0">
  <testcase name="createOrgTest" time="82.031" classname="com.crm.testngscripts.CreateOrgWithBaseTest"/>
</testsuite> <!-- com.crm.testngscripts.CreateOrgWithBaseTest -->
