<?xml version="1.0" encoding="UTF-8"?>
<!-- Generated by org.testng.reporters.JUnitReportReporter -->
<testsuite skipped="0" hostname="DESKTOP-NOU9GCV" name="POMScripts.CreateContactName" tests="1" failures="0" timestamp="24 Feb 2022 09:38:23 GMT" time="48.104" errors="0">
  <testcase name="createConTest" time="48.104" classname="POMScripts.CreateContactName"/>
</testsuite> <!-- POMScripts.CreateContactName -->
