<?xml version="1.0" encoding="UTF-8"?>
<!-- Generated by org.testng.reporters.JUnitReportReporter -->
<testsuite skipped="0" hostname="DESKTOP-NOU9GCV" name="CreateLeadTests.CreateNewLeadByGivingInvalidEmailAndSecondaryEmailTest" tests="1" failures="0" timestamp="19 Feb 2022 16:41:58 GMT" time="34.246" errors="0">
  <testcase name="createNewLeadByGivingInvalidEmailAndSecondaryEmailTest" time="34.246" classname="CreateLeadTests.CreateNewLeadByGivingInvalidEmailAndSecondaryEmailTest"/>
</testsuite> <!-- CreateLeadTests.CreateNewLeadByGivingInvalidEmailAndSecondaryEmailTest -->
