<?xml version="1.0" encoding="UTF-8"?>
<!-- Generated by org.testng.reporters.JUnitReportReporter -->
<testsuite skipped="0" hostname="DESKTOP-NOU9GCV" name="com.crm.PRACTICE.TestngPractice" tests="1" failures="0" timestamp="28 Feb 2022 10:00:16 GMT" time="0.110" errors="0">
  <testcase name="pract" time="0.110" classname="com.crm.PRACTICE.TestngPractice"/>
</testsuite> <!-- com.crm.PRACTICE.TestngPractice -->
