<?xml version="1.0" encoding="UTF-8"?>
<!-- Generated by org.testng.reporters.JUnitReportReporter -->
<testsuite skipped="0" hostname="DESKTOP-NOU9GCV" name="POMScripts.CreateLead" tests="1" failures="0" timestamp="28 Feb 2022 08:47:39 GMT" time="127.239" errors="0">
  <testcase name="createLeadName" time="127.239" classname="POMScripts.CreateLead"/>
</testsuite> <!-- POMScripts.CreateLead -->
