<?xml version="1.0" encoding="UTF-8"?>
<!-- Generated by org.testng.reporters.JUnitReportReporter -->
<testsuite skipped="0" hostname="DESKTOP-NOU9GCV" name="CalenderPopup.CalenderGobibo" tests="1" failures="0" timestamp="09 Mar 2022 17:36:29 GMT" time="50.086" errors="0">
  <testcase name="calender" time="50.086" classname="CalenderPopup.CalenderGobibo"/>
</testsuite> <!-- CalenderPopup.CalenderGobibo -->
