<?xml version="1.0" encoding="UTF-8"?>
<!-- Generated by org.testng.reporters.JUnitReportReporter -->
<testsuite skipped="0" hostname="DESKTOP-NOU9GCV" name="CalenderPopup.CalenderwithCurrentDate" tests="1" failures="0" timestamp="10 Mar 2022 04:23:31 GMT" time="84.645" errors="0">
  <testcase name="calender" time="84.645" classname="CalenderPopup.CalenderwithCurrentDate"/>
</testsuite> <!-- CalenderPopup.CalenderwithCurrentDate -->
