<?xml version="1.0" encoding="UTF-8"?>
<!-- Generated by org.testng.reporters.JUnitReportReporter -->
<testsuite skipped="0" hostname="DESKTOP-NOU9GCV" name="com.crm.PRACTICE.PracticeForGenericUtility" tests="1" failures="0" timestamp="07 Mar 2022 01:00:42 GMT" time="4.830" errors="0">
  <testcase name="practiceForGenericUtility" time="4.830" classname="com.crm.PRACTICE.PracticeForGenericUtility"/>
</testsuite> <!-- com.crm.PRACTICE.PracticeForGenericUtility -->
