<?xml version="1.0" encoding="UTF-8"?>
<!-- Generated by org.testng.reporters.JUnitReportReporter -->
<testsuite skipped="0" hostname="DESKTOP-NOU9GCV" name="POMScripts.CreateProduct" tests="1" failures="0" timestamp="24 Feb 2022 12:05:17 GMT" time="63.023" errors="0">
  <testcase name="createProduct" time="63.023" classname="POMScripts.CreateProduct"/>
</testsuite> <!-- POMScripts.CreateProduct -->
