<?xml version="1.0" encoding="UTF-8"?>
<!-- Generated by org.testng.reporters.JUnitReportReporter -->
<testsuite skipped="0" hostname="DESKTOP-NOU9GCV" name="DynamicWebTable.DyLastname" tests="1" failures="0" timestamp="09 Mar 2022 00:50:59 GMT" time="18.101" errors="0">
  <testcase name="dynamic" time="18.101" classname="DynamicWebTable.DyLastname"/>
</testsuite> <!-- DynamicWebTable.DyLastname -->
