<?xml version="1.0" encoding="UTF-8"?>
<!-- Generated by org.testng.reporters.JUnitReportReporter -->
<testsuite skipped="0" hostname="DESKTOP-NOU9GCV" name="com.crm.PRACTICE.ReadDataFromSuiteXMLFileTest" tests="1" failures="0" timestamp="24 Feb 2022 18:39:12 GMT" time="0.016" errors="0">
  <testcase name="readDataFromSuiteXMLFileTest" time="0.016" classname="com.crm.PRACTICE.ReadDataFromSuiteXMLFileTest"/>
</testsuite> <!-- com.crm.PRACTICE.ReadDataFromSuiteXMLFileTest -->
