<?xml version="1.0" encoding="UTF-8"?>
<!-- Generated by org.testng.reporters.JUnitReportReporter -->
<testsuite skipped="0" hostname="DESKTOP-NOU9GCV" name="com.crm.testngscripts.CreateOrgWithMultipleDataTest" tests="7" failures="0" timestamp="28 Feb 2022 17:37:26 GMT" time="557.386" errors="0">
  <testcase name="createOrgWithMltipleData" time="280.805" classname="com.crm.testngscripts.CreateOrgWithMultipleDataTest"/>
  <testcase name="createOrgWithMltipleData" time="41.722" classname="com.crm.testngscripts.CreateOrgWithMultipleDataTest"/>
  <testcase name="createOrgWithMltipleData" time="42.801" classname="com.crm.testngscripts.CreateOrgWithMultipleDataTest"/>
  <testcase name="createOrgWithMltipleData" time="43.364" classname="com.crm.testngscripts.CreateOrgWithMultipleDataTest"/>
  <testcase name="createOrgWithMltipleData" time="45.829" classname="com.crm.testngscripts.CreateOrgWithMultipleDataTest"/>
  <testcase name="createOrgWithMltipleData" time="48.454" classname="com.crm.testngscripts.CreateOrgWithMultipleDataTest"/>
  <testcase name="createOrgWithMltipleData" time="54.411" classname="com.crm.testngscripts.CreateOrgWithMultipleDataTest"/>
</testsuite> <!-- com.crm.testngscripts.CreateOrgWithMultipleDataTest -->
