<?xml version="1.0" encoding="UTF-8"?>
<!-- Generated by org.testng.reporters.JUnitReportReporter -->
<testsuite skipped="0" hostname="DESKTOP-NOU9GCV" name="CreateContactTests.CreateConTest" tests="1" failures="0" timestamp="17 Feb 2022 16:53:05 GMT" time="93.955" errors="0">
  <testcase name="createConTest" time="93.955" classname="CreateContactTests.CreateConTest"/>
</testsuite> <!-- CreateContactTests.CreateConTest -->
