<?xml version="1.0" encoding="UTF-8"?>
<!-- Generated by org.testng.reporters.JUnitReportReporter -->
<testsuite skipped="0" hostname="DESKTOP-NOU9GCV" name="CreateUpdateGenericTest.CreateNewLeadByValidNoOfEmployeeGeneTest" tests="1" failures="0" timestamp="23 Feb 2022 02:28:14 GMT" time="91.008" errors="0">
  <testcase name="createNewLeadByValidNoOfEmployeeGeneTest" time="91.008" classname="CreateUpdateGenericTest.CreateNewLeadByValidNoOfEmployeeGeneTest"/>
</testsuite> <!-- CreateUpdateGenericTest.CreateNewLeadByValidNoOfEmployeeGeneTest -->
