<?xml version="1.0" encoding="UTF-8"?>
<!-- Generated by org.testng.reporters.JUnitReportReporter -->
<testsuite skipped="0" hostname="DESKTOP-NOU9GCV" name="com.crm.PRACTICE.PropertyFilePractice" tests="1" failures="0" timestamp="16 Feb 2022 15:27:59 GMT" time="0.029" errors="0">
  <testcase name="propertyFile" time="0.029" classname="com.crm.PRACTICE.PropertyFilePractice"/>
</testsuite> <!-- com.crm.PRACTICE.PropertyFilePractice -->
