<?xml version="1.0" encoding="UTF-8"?>
<!-- Generated by org.testng.reporters.JUnitReportReporter -->
<testsuite skipped="0" hostname="DESKTOP-NOU9GCV" name="CreateOrganizationTests.CreateOrganizationWithPropertyAndExcel" tests="1" failures="0" timestamp="17 Feb 2022 17:48:17 GMT" time="42.099" errors="0">
  <testcase name="createOrganizationWithPropertyAndExcel" time="42.099" classname="CreateOrganizationTests.CreateOrganizationWithPropertyAndExcel"/>
</testsuite> <!-- CreateOrganizationTests.CreateOrganizationWithPropertyAndExcel -->
