<?xml version="1.0" encoding="UTF-8"?>
<!-- Generated by org.testng.reporters.JUnitReportReporter -->
<testsuite skipped="0" hostname="DESKTOP-NOU9GCV" name="com.crm.PRACTICE.SampleJDBCExecuteUpdate" tests="1" failures="0" timestamp="16 Feb 2022 07:40:44 GMT" time="0.376" errors="0">
  <testcase name="sampleJDBCExecuteUpdate" time="0.376" classname="com.crm.PRACTICE.SampleJDBCExecuteUpdate"/>
</testsuite> <!-- com.crm.PRACTICE.SampleJDBCExecuteUpdate -->
