<?xml version="1.0" encoding="UTF-8"?>
<!-- Generated by org.testng.reporters.JUnitReportReporter -->
<testsuite skipped="0" hostname="DESKTOP-NOU9GCV" name="CreateLeadTests.CreateNewLeadByGivingValidNoOfEmployeeTest" tests="1" failures="0" timestamp="19 Feb 2022 16:20:10 GMT" time="44.489" errors="0">
  <testcase name="createNewLeadByGivingValidNoOfEmployeeTest" time="44.489" classname="CreateLeadTests.CreateNewLeadByGivingValidNoOfEmployeeTest"/>
</testsuite> <!-- CreateLeadTests.CreateNewLeadByGivingValidNoOfEmployeeTest -->
