<?xml version="1.0" encoding="UTF-8"?>
<!-- Generated by org.testng.reporters.JUnitReportReporter -->
<testsuite skipped="0" hostname="DESKTOP-NOU9GCV" name="com.crm.PRACTICE.POMPractice" tests="1" failures="0" timestamp="23 Feb 2022 10:51:17 GMT" time="28.275" errors="0">
  <testcase name="pomPratice" time="28.275" classname="com.crm.PRACTICE.POMPractice"/>
</testsuite> <!-- com.crm.PRACTICE.POMPractice -->
