<?xml version="1.0" encoding="UTF-8"?>
<!-- Generated by org.testng.reporters.JUnitReportReporter -->
<testsuite skipped="0" hostname="DESKTOP-NOU9GCV" name="DynamicWebTable.DySearchele" tests="1" failures="0" timestamp="09 Mar 2022 17:52:12 GMT" time="11.083" errors="0">
  <testcase name="dynamic" time="11.083" classname="DynamicWebTable.DySearchele"/>
</testsuite> <!-- DynamicWebTable.DySearchele -->
