<?xml version="1.0" encoding="UTF-8"?>
<!-- Generated by org.testng.reporters.JUnitReportReporter -->
<testsuite skipped="0" hostname="DESKTOP-NOU9GCV" name="POMScripts.CreateOrgName" tests="1" failures="0" timestamp="24 Feb 2022 07:18:52 GMT" time="73.907" errors="0">
  <testcase name="createOrgName" time="73.907" classname="POMScripts.CreateOrgName"/>
</testsuite> <!-- POMScripts.CreateOrgName -->
