<?xml version="1.0" encoding="UTF-8"?>
<!-- Generated by org.testng.reporters.JUnitReportReporter -->
<testsuite skipped="0" hostname="DESKTOP-NOU9GCV" name="CreateLeadTests.CreateNewLeadByGivingValidEmailAndSecondaryEmailTest" tests="1" failures="0" timestamp="19 Feb 2022 16:33:35 GMT" time="39.569" errors="0">
  <testcase name="CreateNewLeadByGivingValidEmailAndSecondaryEmailTest" time="39.569" classname="CreateLeadTests.CreateNewLeadByGivingValidEmailAndSecondaryEmailTest"/>
</testsuite> <!-- CreateLeadTests.CreateNewLeadByGivingValidEmailAndSecondaryEmailTest -->
