<?xml version="1.0" encoding="UTF-8"?>
<!-- Generated by org.testng.reporters.JUnitReportReporter -->
<testsuite skipped="0" hostname="DESKTOP-NOU9GCV" name="CalenderPopup.CalenderToSelectSpecificDate" tests="1" failures="0" timestamp="09 Mar 2022 09:50:04 GMT" time="24.047" errors="0">
  <testcase name="calender" time="24.047" classname="CalenderPopup.CalenderToSelectSpecificDate"/>
</testsuite> <!-- CalenderPopup.CalenderToSelectSpecificDate -->
