<?xml version="1.0" encoding="UTF-8"?>
<!-- Generated by org.testng.reporters.JUnitReportReporter -->
<testsuite skipped="0" hostname="DESKTOP-NOU9GCV" name="CreateUpdateGenericTest.CreateNewLeadByValidEmailAndSecondaryEmailGeneTest" tests="1" failures="0" timestamp="23 Feb 2022 04:35:33 GMT" time="61.789" errors="0">
  <testcase name="createNewLeadByValidEmailAndSecondaryEmailGeneTest" time="61.789" classname="CreateUpdateGenericTest.CreateNewLeadByValidEmailAndSecondaryEmailGeneTest"/>
</testsuite> <!-- CreateUpdateGenericTest.CreateNewLeadByValidEmailAndSecondaryEmailGeneTest -->
