<?xml version="1.0" encoding="UTF-8"?>
<!-- Generated by org.testng.reporters.JUnitReportReporter -->
<testsuite skipped="0" hostname="DESKTOP-NOU9GCV" name="POMScripts.CreateContactWithOrg" tests="1" failures="0" timestamp="24 Feb 2022 09:56:20 GMT" time="70.667" errors="0">
  <testcase name="createContactWithOrg" time="70.667" classname="POMScripts.CreateContactWithOrg"/>
</testsuite> <!-- POMScripts.CreateContactWithOrg -->
