<?xml version="1.0" encoding="UTF-8"?>
<!-- Generated by org.testng.reporters.JUnitReportReporter -->
<testsuite skipped="0" hostname="DESKTOP-NOU9GCV" name="DynamicWebTable.DyWtableCheckbox" tests="1" failures="0" timestamp="09 Mar 2022 00:49:55 GMT" time="19.501" errors="0">
  <testcase name="dynamic" time="19.501" classname="DynamicWebTable.DyWtableCheckbox"/>
</testsuite> <!-- DynamicWebTable.DyWtableCheckbox -->
